kotlin version: 2.1.0
error message: org.jetbrains.kotlin.backend.common.BackendException: Backend Internal error: Exception during IR lowering
File being compiled: F:/StudioProjects/MeterScan/core/common/src/main/java/com/gabbasov/meterscan/ui/modifiers/HideKeyboardOnTapModifier.kt
The root cause java.lang.RuntimeException was thrown at: org.jetbrains.kotlin.backend.jvm.codegen.FunctionCodegen.generate(FunctionCodegen.kt:48)
	at org.jetbrains.kotlin.backend.common.CodegenUtil.reportBackendException(CodegenUtil.kt:253)
	at org.jetbrains.kotlin.backend.common.CodegenUtil.reportBackendException$default(CodegenUtil.kt:236)
	at org.jetbrains.kotlin.backend.common.phaser.PerformByIrFilePhase.invokeSequential(performByIrFile.kt:55)
	at org.jetbrains.kotlin.backend.common.phaser.PerformByIrFilePhase.invoke(performByIrFile.kt:42)
	at org.jetbrains.kotlin.backend.common.phaser.PerformByIrFilePhase.invoke(performByIrFile.kt:28)
	at org.jetbrains.kotlin.backend.common.phaser.NamedCompilerPhase.phaseBody(CompilerPhase.kt:166)
	at org.jetbrains.kotlin.backend.common.phaser.AbstractNamedCompilerPhase.invoke(CompilerPhase.kt:113)
	at org.jetbrains.kotlin.backend.common.phaser.CompositePhase.invoke(PhaseBuilders.kt:27)
	at org.jetbrains.kotlin.backend.common.phaser.CompositePhase.invoke(PhaseBuilders.kt:14)
	at org.jetbrains.kotlin.backend.common.phaser.NamedCompilerPhase.phaseBody(CompilerPhase.kt:166)
	at org.jetbrains.kotlin.backend.common.phaser.AbstractNamedCompilerPhase.invoke(CompilerPhase.kt:113)
	at org.jetbrains.kotlin.backend.common.phaser.CompilerPhaseKt.invokeToplevel(CompilerPhase.kt:62)
	at org.jetbrains.kotlin.backend.jvm.JvmIrCodegenFactory.invokeCodegen(JvmIrCodegenFactory.kt:371)
	at org.jetbrains.kotlin.codegen.CodegenFactory.generateModule(CodegenFactory.kt:47)
	at org.jetbrains.kotlin.backend.jvm.JvmIrCodegenFactory.generateModuleInFrontendIRMode(JvmIrCodegenFactory.kt:433)
	at org.jetbrains.kotlin.cli.jvm.compiler.pipeline.JvmCompilerPipelineKt.generateCodeFromIr(jvmCompilerPipeline.kt:192)
	at org.jetbrains.kotlin.cli.jvm.compiler.pipeline.JvmCompilerPipelineKt.runBackend(jvmCompilerPipeline.kt:80)
	at org.jetbrains.kotlin.cli.jvm.compiler.pipeline.JvmCompilerPipelineLightTreeKt.compileModule(jvmCompilerPipelineLightTree.kt:264)
	at org.jetbrains.kotlin.cli.jvm.compiler.pipeline.JvmCompilerPipelineLightTreeKt.compileSingleModuleUsingFrontendIrAndLightTree(jvmCompilerPipelineLightTree.kt:231)
	at org.jetbrains.kotlin.cli.jvm.compiler.pipeline.JvmCompilerPipelineLightTreeKt.compileModulesUsingFrontendIrAndLightTree(jvmCompilerPipelineLightTree.kt:86)
	at org.jetbrains.kotlin.cli.jvm.K2JVMCompiler.doExecute(K2JVMCompiler.kt:146)
	at org.jetbrains.kotlin.cli.jvm.K2JVMCompiler.doExecute(K2JVMCompiler.kt:43)
	at org.jetbrains.kotlin.cli.common.CLICompiler.execImpl(CLICompiler.kt:102)
	at org.jetbrains.kotlin.cli.common.CLICompiler.exec(CLICompiler.kt:316)
	at org.jetbrains.kotlin.incremental.IncrementalJvmCompilerRunner.runCompiler(IncrementalJvmCompilerRunner.kt:464)
	at org.jetbrains.kotlin.incremental.IncrementalJvmCompilerRunner.runCompiler(IncrementalJvmCompilerRunner.kt:73)
	at org.jetbrains.kotlin.incremental.IncrementalCompilerRunner.doCompile(IncrementalCompilerRunner.kt:506)
	at org.jetbrains.kotlin.incremental.IncrementalCompilerRunner.compileImpl(IncrementalCompilerRunner.kt:423)
	at org.jetbrains.kotlin.incremental.IncrementalCompilerRunner.compileNonIncrementally(IncrementalCompilerRunner.kt:301)
	at org.jetbrains.kotlin.incremental.IncrementalCompilerRunner.compile(IncrementalCompilerRunner.kt:129)
	at org.jetbrains.kotlin.daemon.CompileServiceImplBase.execIncrementalCompiler(CompileServiceImpl.kt:674)
	at org.jetbrains.kotlin.daemon.CompileServiceImplBase.access$execIncrementalCompiler(CompileServiceImpl.kt:91)
	at org.jetbrains.kotlin.daemon.CompileServiceImpl.compile(CompileServiceImpl.kt:1659)
	at java.base/jdk.internal.reflect.DirectMethodHandleAccessor.invoke(Unknown Source)
	at java.base/java.lang.reflect.Method.invoke(Unknown Source)
	at java.rmi/sun.rmi.server.UnicastServerRef.dispatch(Unknown Source)
	at java.rmi/sun.rmi.transport.Transport$1.run(Unknown Source)
	at java.rmi/sun.rmi.transport.Transport$1.run(Unknown Source)
	at java.base/java.security.AccessController.doPrivileged(Unknown Source)
	at java.rmi/sun.rmi.transport.Transport.serviceCall(Unknown Source)
	at java.rmi/sun.rmi.transport.tcp.TCPTransport.handleMessages(Unknown Source)
	at java.rmi/sun.rmi.transport.tcp.TCPTransport$ConnectionHandler.run0(Unknown Source)
	at java.rmi/sun.rmi.transport.tcp.TCPTransport$ConnectionHandler.lambda$run$0(Unknown Source)
	at java.base/java.security.AccessController.doPrivileged(Unknown Source)
	at java.rmi/sun.rmi.transport.tcp.TCPTransport$ConnectionHandler.run(Unknown Source)
	at java.base/java.util.concurrent.ThreadPoolExecutor.runWorker(Unknown Source)
	at java.base/java.util.concurrent.ThreadPoolExecutor$Worker.run(Unknown Source)
	at java.base/java.lang.Thread.run(Unknown Source)
Caused by: java.lang.RuntimeException: Exception while generating code for:
FUN LOCAL_FUNCTION_FOR_LAMBDA name:hideKeyboardOnTap$lambda$0 visibility:private modality:FINAL <> ($this$composed:androidx.compose.ui.Modifier) returnType:androidx.compose.ui.Modifier
  VALUE_PARAMETER name:$this$composed index:0 type:androidx.compose.ui.Modifier
  BLOCK_BODY
    VAR name:keyboardController type:androidx.compose.ui.platform.SoftwareKeyboardController? [val]
      CALL 'public final fun <get-current> (): T of androidx.compose.runtime.CompositionLocal [inline] declared in androidx.compose.runtime.CompositionLocal' type=androidx.compose.ui.platform.SoftwareKeyboardController? origin=GET_PROPERTY
        $this: TYPE_OP type=androidx.compose.runtime.CompositionLocal<T of androidx.compose.runtime.CompositionLocal> origin=IMPLICIT_CAST typeOperand=androidx.compose.runtime.CompositionLocal<T of androidx.compose.runtime.CompositionLocal>
          CALL 'public final fun <get-LocalSoftwareKeyboardController> (): androidx.compose.runtime.ProvidableCompositionLocal<androidx.compose.ui.platform.SoftwareKeyboardController?> declared in androidx.compose.ui.platform.CompositionLocalsKt' type=androidx.compose.runtime.ProvidableCompositionLocal<androidx.compose.ui.platform.SoftwareKeyboardController?> origin=GET_PROPERTY
    VAR name:focusManager type:androidx.compose.ui.focus.FocusManager [val]
      CALL 'public final fun <get-current> (): T of androidx.compose.runtime.CompositionLocal [inline] declared in androidx.compose.runtime.CompositionLocal' type=androidx.compose.ui.focus.FocusManager origin=GET_PROPERTY
        $this: TYPE_OP type=androidx.compose.runtime.CompositionLocal<T of androidx.compose.runtime.CompositionLocal> origin=IMPLICIT_CAST typeOperand=androidx.compose.runtime.CompositionLocal<T of androidx.compose.runtime.CompositionLocal>
          CALL 'public final fun <get-LocalFocusManager> (): androidx.compose.runtime.ProvidableCompositionLocal<androidx.compose.ui.focus.FocusManager> declared in androidx.compose.ui.platform.CompositionLocalsKt' type=androidx.compose.runtime.ProvidableCompositionLocal<androidx.compose.ui.focus.FocusManager> origin=GET_PROPERTY
    RETURN type=kotlin.Nothing from='private final fun hideKeyboardOnTap$lambda$0 ($this$composed: androidx.compose.ui.Modifier): androidx.compose.ui.Modifier declared in com.gabbasov.meterscan.ui.modifiers.HideKeyboardOnTapModifierKt'
      CALL 'public final fun pointerInput (key1: kotlin.Any?, block: @[ExtensionFunctionType] kotlin.coroutines.SuspendFunction1<androidx.compose.ui.input.pointer.PointerInputScope, kotlin.Unit>): androidx.compose.ui.Modifier declared in androidx.compose.ui.input.pointer.SuspendingPointerInputFilterKt' type=androidx.compose.ui.Modifier origin=null
        $receiver: GET_VAR '$this$composed: androidx.compose.ui.Modifier declared in com.gabbasov.meterscan.ui.modifiers.HideKeyboardOnTapModifierKt.hideKeyboardOnTap$lambda$0' type=androidx.compose.ui.Modifier origin=null
        key1: GET_FIELD 'FIELD FIELD_FOR_OBJECT_INSTANCE name:INSTANCE type:kotlin.Unit visibility:public [final,static] declared in kotlin.Unit' type=kotlin.Unit origin=null
        block: BLOCK type=com.gabbasov.meterscan.ui.modifiers.HideKeyboardOnTapModifierKt.hideKeyboardOnTap$lambda$0.<no name provided> origin=null
          CLASS SUSPEND_LAMBDA CLASS name:<no name provided> modality:FINAL visibility:public/*package*/ superTypes:[kotlin.coroutines.jvm.internal.SuspendLambda; kotlin.jvm.functions.Function2<androidx.compose.ui.input.pointer.PointerInputScope, kotlin.coroutines.Continuation<kotlin.Unit>?, kotlin.Any?>]
            $this: VALUE_PARAMETER INSTANCE_RECEIVER name:<this> type:com.gabbasov.meterscan.ui.modifiers.HideKeyboardOnTapModifierKt.hideKeyboardOnTap$lambda$0.<no name provided>
            FIELD name:label type:kotlin.Int visibility:public/*package*/
            FIELD FIELD_FOR_CAPTURED_VALUE name:L$0 type:kotlin.Any? visibility:private
            CONSTRUCTOR SUSPEND_LAMBDA visibility:public/*package*/ <> ($keyboardController:androidx.compose.ui.platform.SoftwareKeyboardController?, $focusManager:androidx.compose.ui.focus.FocusManager, $completion:kotlin.coroutines.Continuation<com.gabbasov.meterscan.ui.modifiers.HideKeyboardOnTapModifierKt.hideKeyboardOnTap$lambda$0.<no name provided>>?) returnType:com.gabbasov.meterscan.ui.modifiers.HideKeyboardOnTapModifierKt.hideKeyboardOnTap$lambda$0.<no name provided> [primary]
              VALUE_PARAMETER BOUND_VALUE_PARAMETER name:$keyboardController index:0 type:androidx.compose.ui.platform.SoftwareKeyboardController?
              VALUE_PARAMETER BOUND_VALUE_PARAMETER name:$focusManager index:1 type:androidx.compose.ui.focus.FocusManager
              VALUE_PARAMETER name:$completion index:2 type:kotlin.coroutines.Continuation<com.gabbasov.meterscan.ui.modifiers.HideKeyboardOnTapModifierKt.hideKeyboardOnTap$lambda$0.<no name provided>>?
              BLOCK_BODY
                SET_FIELD 'FIELD FIELD_FOR_CAPTURED_VALUE name:$keyboardController type:androidx.compose.ui.platform.SoftwareKeyboardController? visibility:public/*package*/ [final] declared in com.gabbasov.meterscan.ui.modifiers.HideKeyboardOnTapModifierKt.hideKeyboardOnTap$lambda$0.<no name provided>' type=kotlin.Unit origin=INITIALIZER_OF_FIELD_FOR_CAPTURED_VALUE
                  receiver: GET_VAR '<this>: com.gabbasov.meterscan.ui.modifiers.HideKeyboardOnTapModifierKt.hideKeyboardOnTap$lambda$0.<no name provided> declared in com.gabbasov.meterscan.ui.modifiers.HideKeyboardOnTapModifierKt.hideKeyboardOnTap$lambda$0.<no name provided>' type=com.gabbasov.meterscan.ui.modifiers.HideKeyboardOnTapModifierKt.hideKeyboardOnTap$lambda$0.<no name provided> origin=null
                  value: GET_VAR '$keyboardController: androidx.compose.ui.platform.SoftwareKeyboardController? declared in com.gabbasov.meterscan.ui.modifiers.HideKeyboardOnTapModifierKt.hideKeyboardOnTap$lambda$0.<no name provided>.<init>' type=androidx.compose.ui.platform.SoftwareKeyboardController? origin=null
                SET_FIELD 'FIELD FIELD_FOR_CAPTURED_VALUE name:$focusManager type:androidx.compose.ui.focus.FocusManager visibility:public/*package*/ [final] declared in com.gabbasov.meterscan.ui.modifiers.HideKeyboardOnTapModifierKt.hideKeyboardOnTap$lambda$0.<no name provided>' type=kotlin.Unit origin=INITIALIZER_OF_FIELD_FOR_CAPTURED_VALUE
                  receiver: GET_VAR '<this>: com.gabbasov.meterscan.ui.modifiers.HideKeyboardOnTapModifierKt.hideKeyboardOnTap$lambda$0.<no name provided> declared in com.gabbasov.meterscan.ui.modifiers.HideKeyboardOnTapModifierKt.hideKeyboardOnTap$lambda$0.<no name provided>' type=com.gabbasov.meterscan.ui.modifiers.HideKeyboardOnTapModifierKt.hideKeyboardOnTap$lambda$0.<no name provided> origin=null
                  value: GET_VAR '$focusManager: androidx.compose.ui.focus.FocusManager declared in com.gabbasov.meterscan.ui.modifiers.HideKeyboardOnTapModifierKt.hideKeyboardOnTap$lambda$0.<no name provided>.<init>' type=androidx.compose.ui.focus.FocusManager origin=null
                DELEGATING_CONSTRUCTOR_CALL 'public constructor <init> (arity: kotlin.Int, $completion: kotlin.coroutines.Continuation<kotlin.Any?>?) declared in kotlin.coroutines.jvm.internal.SuspendLambda'
                  arity: CONST Int type=kotlin.Int value=2
                  $completion: GET_VAR '$completion: kotlin.coroutines.Continuation<com.gabbasov.meterscan.ui.modifiers.HideKeyboardOnTapModifierKt.hideKeyboardOnTap$lambda$0.<no name provided>>? declared in com.gabbasov.meterscan.ui.modifiers.HideKeyboardOnTapModifierKt.hideKeyboardOnTap$lambda$0.<no name provided>.<init>' type=kotlin.coroutines.Continuation<com.gabbasov.meterscan.ui.modifiers.HideKeyboardOnTapModifierKt.hideKeyboardOnTap$lambda$0.<no name provided>>? origin=null
                BLOCK type=kotlin.Unit origin=null
            FUN name:invokeSuspend visibility:public modality:FINAL <> ($this:com.gabbasov.meterscan.ui.modifiers.HideKeyboardOnTapModifierKt.hideKeyboardOnTap$lambda$0.<no name provided>, $result:kotlin.Result<kotlin.Any?>) returnType:kotlin.Any?
              overridden:
                protected abstract fun invokeSuspend ($result: kotlin.Result<kotlin.Any?>): kotlin.Any? declared in kotlin.coroutines.jvm.internal.SuspendLambda
              $this: VALUE_PARAMETER INSTANCE_RECEIVER name:<this> type:com.gabbasov.meterscan.ui.modifiers.HideKeyboardOnTapModifierKt.hideKeyboardOnTap$lambda$0.<no name provided>
              VALUE_PARAMETER name:$result index:0 type:kotlin.Result<kotlin.Any?>
              BLOCK_BODY
                VAR name:$this$pointerInput type:androidx.compose.ui.input.pointer.PointerInputScope [val]
                  BLOCK type=androidx.compose.ui.input.pointer.PointerInputScope origin=null
                    GET_FIELD 'FIELD FIELD_FOR_CAPTURED_VALUE name:L$0 type:kotlin.Any? visibility:private declared in com.gabbasov.meterscan.ui.modifiers.HideKeyboardOnTapModifierKt.hideKeyboardOnTap$lambda$0.<no name provided>' type=androidx.compose.ui.input.pointer.PointerInputScope origin=null
                      receiver: GET_VAR '<this>: com.gabbasov.meterscan.ui.modifiers.HideKeyboardOnTapModifierKt.hideKeyboardOnTap$lambda$0.<no name provided> declared in com.gabbasov.meterscan.ui.modifiers.HideKeyboardOnTapModifierKt.hideKeyboardOnTap$lambda$0.<no name provided>.invokeSuspend' type=com.gabbasov.meterscan.ui.modifiers.HideKeyboardOnTapModifierKt.hideKeyboardOnTap$lambda$0.<no name provided> origin=null
                CALL 'public final fun detectTapGestures$default (onDoubleTap: kotlin.Function1<androidx.compose.ui.geometry.Offset, kotlin.Unit>?, onLongPress: kotlin.Function1<androidx.compose.ui.geometry.Offset, kotlin.Unit>?, onPress: @[ExtensionFunctionType] kotlin.coroutines.SuspendFunction2<androidx.compose.foundation.gestures.PressGestureScope, androidx.compose.ui.geometry.Offset, kotlin.Unit>?, onTap: kotlin.Function1<androidx.compose.ui.geometry.Offset, kotlin.Unit>?, $completion: kotlin.coroutines.Continuation<kotlin.Unit>, $mask0: kotlin.Int, $handler: kotlin.Any?): kotlin.Any? [suspend] declared in androidx.compose.foundation.gestures.TapGestureDetectorKt' type=kotlin.Unit origin=DEFAULT_DISPATCH_CALL
                  $receiver: GET_VAR 'val $this$pointerInput: androidx.compose.ui.input.pointer.PointerInputScope [val] declared in com.gabbasov.meterscan.ui.modifiers.HideKeyboardOnTapModifierKt.hideKeyboardOnTap$lambda$0.<no name provided>.invokeSuspend' type=androidx.compose.ui.input.pointer.PointerInputScope origin=null
                  onDoubleTap: COMPOSITE type=kotlin.Function1<androidx.compose.ui.geometry.Offset, kotlin.Unit>? origin=DEFAULT_VALUE
                    CONST Null type=kotlin.Function1<androidx.compose.ui.geometry.Offset, kotlin.Unit>? value=null
                  onLongPress: COMPOSITE type=kotlin.Function1<androidx.compose.ui.geometry.Offset, kotlin.Unit>? origin=DEFAULT_VALUE
                    CONST Null type=kotlin.Function1<androidx.compose.ui.geometry.Offset, kotlin.Unit>? value=null
                  onPress: COMPOSITE type=@[ExtensionFunctionType] kotlin.coroutines.SuspendFunction2<androidx.compose.foundation.gestures.PressGestureScope, androidx.compose.ui.geometry.Offset, kotlin.Unit>? origin=DEFAULT_VALUE
                    CONST Null type=@[ExtensionFunctionType] kotlin.coroutines.SuspendFunction2<androidx.compose.foundation.gestures.PressGestureScope, androidx.compose.ui.geometry.Offset, kotlin.Unit>? value=null
                  onTap: BLOCK type=kotlin.Function1<androidx.compose.ui.geometry.Offset, kotlin.Unit> origin=LAMBDA
                    COMPOSITE type=kotlin.Unit origin=null
                    CALL 'public final fun <jvm-indy> <T> (dynamicCall: T of kotlin.jvm.internal.<jvm-indy>, bootstrapMethodHandle: kotlin.Any, vararg bootstrapMethodArguments: kotlin.Any): T of kotlin.jvm.internal.<jvm-indy> declared in kotlin.jvm.internal' type=kotlin.Function1<androidx.compose.ui.geometry.Offset, kotlin.Unit> origin=null
                      <T>: kotlin.Function1<androidx.compose.ui.geometry.Offset, kotlin.Unit>
                      dynamicCall: CALL 'public final fun invoke (p0: androidx.compose.ui.platform.SoftwareKeyboardController?, p1: androidx.compose.ui.focus.FocusManager): kotlin.Function1<androidx.compose.ui.geometry.Offset, kotlin.Unit> declared in kotlin.jvm.internal.invokeDynamic' type=kotlin.Function1<androidx.compose.ui.geometry.Offset, kotlin.Unit> origin=null
                        p0: GET_FIELD 'FIELD FIELD_FOR_CAPTURED_VALUE name:$keyboardController type:androidx.compose.ui.platform.SoftwareKeyboardController? visibility:public/*package*/ [final] declared in com.gabbasov.meterscan.ui.modifiers.HideKeyboardOnTapModifierKt.hideKeyboardOnTap$lambda$0.<no name provided>' type=androidx.compose.ui.platform.SoftwareKeyboardController? origin=null
                          receiver: GET_VAR '<this>: com.gabbasov.meterscan.ui.modifiers.HideKeyboardOnTapModifierKt.hideKeyboardOnTap$lambda$0.<no name provided> declared in com.gabbasov.meterscan.ui.modifiers.HideKeyboardOnTapModifierKt.hideKeyboardOnTap$lambda$0.<no name provided>.invokeSuspend' type=com.gabbasov.meterscan.ui.modifiers.HideKeyboardOnTapModifierKt.hideKeyboardOnTap$lambda$0.<no name provided> origin=null
                        p1: GET_FIELD 'FIELD FIELD_FOR_CAPTURED_VALUE name:$focusManager type:androidx.compose.ui.focus.FocusManager visibility:public/*package*/ [final] declared in com.gabbasov.meterscan.ui.modifiers.HideKeyboardOnTapModifierKt.hideKeyboardOnTap$lambda$0.<no name provided>' type=androidx.compose.ui.focus.FocusManager origin=null
                          receiver: GET_VAR '<this>: com.gabbasov.meterscan.ui.modifiers.HideKeyboardOnTapModifierKt.hideKeyboardOnTap$lambda$0.<no name provided> declared in com.gabbasov.meterscan.ui.modifiers.HideKeyboardOnTapModifierKt.hideKeyboardOnTap$lambda$0.<no name provided>.invokeSuspend' type=com.gabbasov.meterscan.ui.modifiers.HideKeyboardOnTapModifierKt.hideKeyboardOnTap$lambda$0.<no name provided> origin=null
                      bootstrapMethodHandle: CALL 'public final fun <jvm-method-handle> (tag: kotlin.Int, owner: kotlin.String, name: kotlin.String, descriptor: kotlin.String, isInterface: kotlin.Boolean): kotlin.Any declared in kotlin.jvm.internal' type=kotlin.Any origin=null
                        tag: CONST Int type=kotlin.Int value=6
                        owner: CONST String type=kotlin.String value="java/lang/invoke/LambdaMetafactory"
                        name: CONST String type=kotlin.String value="metafactory"
                        descriptor: CONST String type=kotlin.String value="(Ljava/lang/invoke/MethodHandles$Lookup;Ljava/lang/String;Ljava/lang/invoke/MethodType;Ljava/lang/invoke/MethodType;Ljava/lang/invoke/MethodHandle;Ljava/lang/invoke/MethodType;)Ljava/lang/invoke/CallSite;"
                        isInterface: CONST Boolean type=kotlin.Boolean value=false
                      bootstrapMethodArguments: VARARG type=kotlin.Array<kotlin.Any> varargElementType=kotlin.Any
                        CALL 'public final fun <jvm-original-method-type> (method: kotlin.Any): kotlin.Any declared in kotlin.jvm.internal' type=kotlin.Any origin=null
                          method: RAW_FUNCTION_REFERENCE 'public abstract fun invoke (p1: P1 of kotlin.Function1): R of kotlin.Function1 [operator] declared in kotlin.Function1' type=kotlin.Any
                        RAW_FUNCTION_REFERENCE 'private final fun invokeSuspend$lambda$0 ($keyboardController: androidx.compose.ui.platform.SoftwareKeyboardController?, $focusManager: androidx.compose.ui.focus.FocusManager, it: androidx.compose.ui.geometry.Offset?): kotlin.Unit? declared in com.gabbasov.meterscan.ui.modifiers.HideKeyboardOnTapModifierKt.hideKeyboardOnTap$lambda$0.<no name provided>' type=kotlin.Any
                        CALL 'public final fun <jvm-original-method-type> (method: kotlin.Any): kotlin.Any declared in kotlin.jvm.internal' type=kotlin.Any origin=null
                          method: RAW_FUNCTION_REFERENCE 'public abstract fun invoke (p1: androidx.compose.ui.geometry.Offset?): kotlin.Unit? [fake_override,operator] declared in kotlin.jvm.internal.invokeDynamic.<fake>' type=kotlin.Any
                  $completion: GET_VAR '<this>: com.gabbasov.meterscan.ui.modifiers.HideKeyboardOnTapModifierKt.hideKeyboardOnTap$lambda$0.<no name provided> declared in com.gabbasov.meterscan.ui.modifiers.HideKeyboardOnTapModifierKt.hideKeyboardOnTap$lambda$0.<no name provided>.invokeSuspend' type=com.gabbasov.meterscan.ui.modifiers.HideKeyboardOnTapModifierKt.hideKeyboardOnTap$lambda$0.<no name provided> origin=null
                  $mask0: CONST Int type=kotlin.Int value=7
                  $handler: CONST Null type=kotlin.Any? value=null
            FUN name:create visibility:public modality:FINAL <> ($this:com.gabbasov.meterscan.ui.modifiers.HideKeyboardOnTapModifierKt.hideKeyboardOnTap$lambda$0.<no name provided>, value:kotlin.Any?, $completion:kotlin.coroutines.Continuation<kotlin.Nothing>) returnType:kotlin.coroutines.Continuation<kotlin.Unit>
              overridden:
                public open fun create (value: kotlin.Any?, $completion: kotlin.coroutines.Continuation<kotlin.Nothing>): kotlin.coroutines.Continuation<kotlin.Unit> declared in kotlin.coroutines.jvm.internal.SuspendLambda
              $this: VALUE_PARAMETER INSTANCE_RECEIVER name:<this> type:com.gabbasov.meterscan.ui.modifiers.HideKeyboardOnTapModifierKt.hideKeyboardOnTap$lambda$0.<no name provided>
              VALUE_PARAMETER name:value index:0 type:kotlin.Any?
              VALUE_PARAMETER name:$completion index:1 type:kotlin.coroutines.Continuation<kotlin.Nothing>
              BLOCK_BODY
                VAR IR_TEMPORARY_VARIABLE name:tmp0_result type:com.gabbasov.meterscan.ui.modifiers.HideKeyboardOnTapModifierKt.hideKeyboardOnTap$lambda$0.<no name provided> [val]
                  CONSTRUCTOR_CALL 'public/*package*/ constructor <init> ($keyboardController: androidx.compose.ui.platform.SoftwareKeyboardController?, $focusManager: androidx.compose.ui.focus.FocusManager, $completion: kotlin.coroutines.Continuation<com.gabbasov.meterscan.ui.modifiers.HideKeyboardOnTapModifierKt.hideKeyboardOnTap$lambda$0.<no name provided>>?) [primary] declared in com.gabbasov.meterscan.ui.modifiers.HideKeyboardOnTapModifierKt.hideKeyboardOnTap$lambda$0.<no name provided>' type=com.gabbasov.meterscan.ui.modifiers.HideKeyboardOnTapModifierKt.hideKeyboardOnTap$lambda$0.<no name provided> origin=null
                    $keyboardController: GET_FIELD 'FIELD FIELD_FOR_CAPTURED_VALUE name:$keyboardController type:androidx.compose.ui.platform.SoftwareKeyboardController? visibility:public/*package*/ [final] declared in com.gabbasov.meterscan.ui.modifiers.HideKeyboardOnTapModifierKt.hideKeyboardOnTap$lambda$0.<no name provided>' type=androidx.compose.ui.platform.SoftwareKeyboardController? origin=null
                      receiver: GET_VAR '<this>: com.gabbasov.meterscan.ui.modifiers.HideKeyboardOnTapModifierKt.hideKeyboardOnTap$lambda$0.<no name provided> declared in com.gabbasov.meterscan.ui.modifiers.HideKeyboardOnTapModifierKt.hideKeyboardOnTap$lambda$0.<no name provided>.create' type=com.gabbasov.meterscan.ui.modifiers.HideKeyboardOnTapModifierKt.hideKeyboardOnTap$lambda$0.<no name provided> origin=null
                    $focusManager: GET_FIELD 'FIELD FIELD_FOR_CAPTURED_VALUE name:$focusManager type:androidx.compose.ui.focus.FocusManager visibility:public/*package*/ [final] declared in com.gabbasov.meterscan.ui.modifiers.HideKeyboardOnTapModifierKt.hideKeyboardOnTap$lambda$0.<no name provided>' type=androidx.compose.ui.focus.FocusManager origin=null
                      receiver: GET_VAR '<this>: com.gabbasov.meterscan.ui.modifiers.HideKeyboardOnTapModifierKt.hideKeyboardOnTap$lambda$0.<no name provided> declared in com.gabbasov.meterscan.ui.modifiers.HideKeyboardOnTapModifierKt.hideKeyboardOnTap$lambda$0.<no name provided>.create' type=com.gabbasov.meterscan.ui.modifiers.HideKeyboardOnTapModifierKt.hideKeyboardOnTap$lambda$0.<no name provided> origin=null
                    $completion: GET_VAR '$completion: kotlin.coroutines.Continuation<kotlin.Nothing> declared in com.gabbasov.meterscan.ui.modifiers.HideKeyboardOnTapModifierKt.hideKeyboardOnTap$lambda$0.<no name provided>.create' type=kotlin.coroutines.Continuation<kotlin.Nothing> origin=null
                SET_FIELD 'FIELD FIELD_FOR_CAPTURED_VALUE name:L$0 type:kotlin.Any? visibility:private declared in com.gabbasov.meterscan.ui.modifiers.HideKeyboardOnTapModifierKt.hideKeyboardOnTap$lambda$0.<no name provided>' type=kotlin.Unit origin=null
                  receiver: GET_VAR 'val tmp0_result: com.gabbasov.meterscan.ui.modifiers.HideKeyboardOnTapModifierKt.hideKeyboardOnTap$lambda$0.<no name provided> [val] declared in com.gabbasov.meterscan.ui.modifiers.HideKeyboardOnTapModifierKt.hideKeyboardOnTap$lambda$0.<no name provided>.create' type=com.gabbasov.meterscan.ui.modifiers.HideKeyboardOnTapModifierKt.hideKeyboardOnTap$lambda$0.<no name provided> origin=null
                  value: GET_VAR 'value: kotlin.Any? declared in com.gabbasov.meterscan.ui.modifiers.HideKeyboardOnTapModifierKt.hideKeyboardOnTap$lambda$0.<no name provided>.create' type=kotlin.Any? origin=null
                RETURN type=kotlin.Nothing from='public final fun create (value: kotlin.Any?, $completion: kotlin.coroutines.Continuation<kotlin.Nothing>): kotlin.coroutines.Continuation<kotlin.Unit> declared in com.gabbasov.meterscan.ui.modifiers.HideKeyboardOnTapModifierKt.hideKeyboardOnTap$lambda$0.<no name provided>'
                  GET_VAR 'val tmp0_result: com.gabbasov.meterscan.ui.modifiers.HideKeyboardOnTapModifierKt.hideKeyboardOnTap$lambda$0.<no name provided> [val] declared in com.gabbasov.meterscan.ui.modifiers.HideKeyboardOnTapModifierKt.hideKeyboardOnTap$lambda$0.<no name provided>.create' type=com.gabbasov.meterscan.ui.modifiers.HideKeyboardOnTapModifierKt.hideKeyboardOnTap$lambda$0.<no name provided> origin=null
            FUN name:invoke visibility:public modality:FINAL <> ($this:com.gabbasov.meterscan.ui.modifiers.HideKeyboardOnTapModifierKt.hideKeyboardOnTap$lambda$0.<no name provided>, p1:androidx.compose.ui.input.pointer.PointerInputScope, p2:kotlin.coroutines.Continuation<kotlin.Unit>?) returnType:kotlin.Any?
              overridden:
                public abstract fun invoke (p1: P1 of kotlin.jvm.functions.Function2, p2: P2 of kotlin.jvm.functions.Function2): R of kotlin.jvm.functions.Function2 declared in kotlin.jvm.functions.Function2
              $this: VALUE_PARAMETER INSTANCE_RECEIVER name:<this> type:com.gabbasov.meterscan.ui.modifiers.HideKeyboardOnTapModifierKt.hideKeyboardOnTap$lambda$0.<no name provided>
              VALUE_PARAMETER name:p1 index:0 type:androidx.compose.ui.input.pointer.PointerInputScope
              VALUE_PARAMETER name:p2 index:1 type:kotlin.coroutines.Continuation<kotlin.Unit>?
              BLOCK_BODY
                RETURN type=kotlin.Nothing from='public final fun invoke (p1: androidx.compose.ui.input.pointer.PointerInputScope, p2: kotlin.coroutines.Continuation<kotlin.Unit>?): kotlin.Any? declared in com.gabbasov.meterscan.ui.modifiers.HideKeyboardOnTapModifierKt.hideKeyboardOnTap$lambda$0.<no name provided>'
                  CALL 'public final fun invokeSuspend ($result: kotlin.Result<kotlin.Any?>): kotlin.Any? declared in com.gabbasov.meterscan.ui.modifiers.HideKeyboardOnTapModifierKt.hideKeyboardOnTap$lambda$0.<no name provided>' type=kotlin.Any? origin=null
                    $this: TYPE_OP type=com.gabbasov.meterscan.ui.modifiers.HideKeyboardOnTapModifierKt.hideKeyboardOnTap$lambda$0.<no name provided> origin=IMPLICIT_CAST typeOperand=com.gabbasov.meterscan.ui.modifiers.HideKeyboardOnTapModifierKt.hideKeyboardOnTap$lambda$0.<no name provided>
                      CALL 'public final fun create (value: kotlin.Any?, $completion: kotlin.coroutines.Continuation<kotlin.Nothing>): kotlin.coroutines.Continuation<kotlin.Unit> declared in com.gabbasov.meterscan.ui.modifiers.HideKeyboardOnTapModifierKt.hideKeyboardOnTap$lambda$0.<no name provided>' type=kotlin.coroutines.Continuation<kotlin.Unit> origin=null
                        $this: GET_VAR '<this>: com.gabbasov.meterscan.ui.modifiers.HideKeyboardOnTapModifierKt.hideKeyboardOnTap$lambda$0.<no name provided> declared in com.gabbasov.meterscan.ui.modifiers.HideKeyboardOnTapModifierKt.hideKeyboardOnTap$lambda$0.<no name provided>.invoke' type=com.gabbasov.meterscan.ui.modifiers.HideKeyboardOnTapModifierKt.hideKeyboardOnTap$lambda$0.<no name provided> origin=null
                        value: GET_VAR 'p1: androidx.compose.ui.input.pointer.PointerInputScope declared in com.gabbasov.meterscan.ui.modifiers.HideKeyboardOnTapModifierKt.hideKeyboardOnTap$lambda$0.<no name provided>.invoke' type=androidx.compose.ui.input.pointer.PointerInputScope origin=null
                        $completion: GET_VAR 'p2: kotlin.coroutines.Continuation<kotlin.Unit>? declared in com.gabbasov.meterscan.ui.modifiers.HideKeyboardOnTapModifierKt.hideKeyboardOnTap$lambda$0.<no name provided>.invoke' type=kotlin.coroutines.Continuation<kotlin.Unit>? origin=null
                    $result: CALL 'public final fun <unsafe-coerce> <T, R> (v: T of kotlin.jvm.internal.<unsafe-coerce>): R of kotlin.jvm.internal.<unsafe-coerce> declared in kotlin.jvm.internal' type=kotlin.Result<kotlin.Any?> origin=null
                      <T>: kotlin.Any?
                      <R>: kotlin.Result<kotlin.Any?>
                      v: GET_FIELD 'FIELD FIELD_FOR_OBJECT_INSTANCE name:INSTANCE type:kotlin.Unit visibility:public [final,static] declared in kotlin.Unit' type=kotlin.Unit origin=null
            FIELD FIELD_FOR_CAPTURED_VALUE name:$keyboardController type:androidx.compose.ui.platform.SoftwareKeyboardController? visibility:public/*package*/ [final]
            FIELD FIELD_FOR_CAPTURED_VALUE name:$focusManager type:androidx.compose.ui.focus.FocusManager visibility:public/*package*/ [final]
            FUN LOCAL_FUNCTION_FOR_LAMBDA name:invokeSuspend$lambda$0 visibility:private modality:FINAL <> ($keyboardController:androidx.compose.ui.platform.SoftwareKeyboardController?, $focusManager:androidx.compose.ui.focus.FocusManager, it:androidx.compose.ui.geometry.Offset?) returnType:kotlin.Unit?
              VALUE_PARAMETER BOUND_VALUE_PARAMETER name:$keyboardController index:0 type:androidx.compose.ui.platform.SoftwareKeyboardController?
              VALUE_PARAMETER BOUND_VALUE_PARAMETER name:$focusManager index:1 type:androidx.compose.ui.focus.FocusManager
              VALUE_PARAMETER name:it index:2 type:androidx.compose.ui.geometry.Offset?
              BLOCK_BODY
                COMPOSITE type=kotlin.Unit origin=null
                  BLOCK type=kotlin.Unit? origin=FOLDED_SAFE_CALL
                    WHEN type=kotlin.Unit? origin=FOLDED_SAFE_CALL
                      BRANCH
                        if: COMPOSITE type=kotlin.Boolean origin=null
                          CALL 'public final fun not (): kotlin.Boolean [operator] declared in kotlin.Boolean' type=kotlin.Boolean origin=null
                            $this: CALL 'public final fun EQEQ (arg0: kotlin.Any?, arg1: kotlin.Any?): kotlin.Boolean declared in kotlin.internal.ir' type=kotlin.Boolean origin=null
                              arg0: GET_VAR '$keyboardController: androidx.compose.ui.platform.SoftwareKeyboardController? declared in com.gabbasov.meterscan.ui.modifiers.HideKeyboardOnTapModifierKt.hideKeyboardOnTap$lambda$0.<no name provided>.invokeSuspend$lambda$0' type=androidx.compose.ui.platform.SoftwareKeyboardController? origin=null
                              arg1: CONST Null type=kotlin.Nothing? value=null
                        then: CALL 'public abstract fun hide (): kotlin.Unit declared in androidx.compose.ui.platform.SoftwareKeyboardController' type=kotlin.Unit origin=null
                          $this: GET_VAR '$keyboardController: androidx.compose.ui.platform.SoftwareKeyboardController? declared in com.gabbasov.meterscan.ui.modifiers.HideKeyboardOnTapModifierKt.hideKeyboardOnTap$lambda$0.<no name provided>.invokeSuspend$lambda$0' type=androidx.compose.ui.platform.SoftwareKeyboardController? origin=null
                      BRANCH
                        if: CONST Boolean type=kotlin.Boolean value=true
                        then: CONST Null type=kotlin.Nothing? value=null
                CALL 'public final fun clearFocus$default ($this: androidx.compose.ui.focus.FocusManager, force: kotlin.Boolean, $mask0: kotlin.Int, $handler: kotlin.Any?): kotlin.Unit declared in androidx.compose.ui.focus.FocusManager' type=kotlin.Unit origin=DEFAULT_DISPATCH_CALL
                  $this: GET_VAR '$focusManager: androidx.compose.ui.focus.FocusManager declared in com.gabbasov.meterscan.ui.modifiers.HideKeyboardOnTapModifierKt.hideKeyboardOnTap$lambda$0.<no name provided>.invokeSuspend$lambda$0' type=androidx.compose.ui.focus.FocusManager origin=null
                  force: COMPOSITE type=kotlin.Boolean origin=DEFAULT_VALUE
                    CONST Boolean type=kotlin.Boolean value=false
                  $mask0: CONST Int type=kotlin.Int value=1
                  $handler: CONST Null type=kotlin.Any? value=null
            FUN BRIDGE name:invoke visibility:public modality:OPEN <> ($this:com.gabbasov.meterscan.ui.modifiers.HideKeyboardOnTapModifierKt.hideKeyboardOnTap$lambda$0.<no name provided>, p1:kotlin.Any?, p2:kotlin.Any?) returnType:kotlin.Any?
              $this: VALUE_PARAMETER INSTANCE_RECEIVER name:<this> type:com.gabbasov.meterscan.ui.modifiers.HideKeyboardOnTapModifierKt.hideKeyboardOnTap$lambda$0.<no name provided>
              VALUE_PARAMETER BRIDGE name:p1 index:0 type:kotlin.Any?
              VALUE_PARAMETER BRIDGE name:p2 index:1 type:kotlin.Any?
              EXPRESSION_BODY
                RETURN type=kotlin.Nothing from='public open fun invoke (p1: kotlin.Any?, p2: kotlin.Any?): kotlin.Any? declared in com.gabbasov.meterscan.ui.modifiers.HideKeyboardOnTapModifierKt.hideKeyboardOnTap$lambda$0.<no name provided>'
                  CALL 'public final fun invoke (p1: androidx.compose.ui.input.pointer.PointerInputScope, p2: kotlin.coroutines.Continuation<kotlin.Unit>?): kotlin.Any? declared in com.gabbasov.meterscan.ui.modifiers.HideKeyboardOnTapModifierKt.hideKeyboardOnTap$lambda$0.<no name provided>' type=kotlin.Any? origin=BRIDGE_DELEGATION
                    $this: GET_VAR '<this>: com.gabbasov.meterscan.ui.modifiers.HideKeyboardOnTapModifierKt.hideKeyboardOnTap$lambda$0.<no name provided> declared in com.gabbasov.meterscan.ui.modifiers.HideKeyboardOnTapModifierKt.hideKeyboardOnTap$lambda$0.<no name provided>.invoke' type=com.gabbasov.meterscan.ui.modifiers.HideKeyboardOnTapModifierKt.hideKeyboardOnTap$lambda$0.<no name provided> origin=null
                    p1: TYPE_OP type=androidx.compose.ui.input.pointer.PointerInputScope origin=IMPLICIT_CAST typeOperand=androidx.compose.ui.input.pointer.PointerInputScope
                      GET_VAR 'p1: kotlin.Any? declared in com.gabbasov.meterscan.ui.modifiers.HideKeyboardOnTapModifierKt.hideKeyboardOnTap$lambda$0.<no name provided>.invoke' type=kotlin.Any? origin=null
                    p2: TYPE_OP type=kotlin.coroutines.Continuation<*> origin=IMPLICIT_CAST typeOperand=kotlin.coroutines.Continuation<*>
                      GET_VAR 'p2: kotlin.Any? declared in com.gabbasov.meterscan.ui.modifiers.HideKeyboardOnTapModifierKt.hideKeyboardOnTap$lambda$0.<no name provided>.invoke' type=kotlin.Any? origin=null
          CONSTRUCTOR_CALL 'public/*package*/ constructor <init> ($keyboardController: androidx.compose.ui.platform.SoftwareKeyboardController?, $focusManager: androidx.compose.ui.focus.FocusManager, $completion: kotlin.coroutines.Continuation<com.gabbasov.meterscan.ui.modifiers.HideKeyboardOnTapModifierKt.hideKeyboardOnTap$lambda$0.<no name provided>>?) [primary] declared in com.gabbasov.meterscan.ui.modifiers.HideKeyboardOnTapModifierKt.hideKeyboardOnTap$lambda$0.<no name provided>' type=com.gabbasov.meterscan.ui.modifiers.HideKeyboardOnTapModifierKt.hideKeyboardOnTap$lambda$0.<no name provided> origin=null
            $keyboardController: GET_VAR 'val keyboardController: androidx.compose.ui.platform.SoftwareKeyboardController? [val] declared in com.gabbasov.meterscan.ui.modifiers.HideKeyboardOnTapModifierKt.hideKeyboardOnTap$lambda$0' type=androidx.compose.ui.platform.SoftwareKeyboardController? origin=null
            $focusManager: GET_VAR 'val focusManager: androidx.compose.ui.focus.FocusManager [val] declared in com.gabbasov.meterscan.ui.modifiers.HideKeyboardOnTapModifierKt.hideKeyboardOnTap$lambda$0' type=androidx.compose.ui.focus.FocusManager origin=null
            $completion: CONST Null type=kotlin.Nothing? value=null

	at org.jetbrains.kotlin.backend.jvm.codegen.FunctionCodegen.generate(FunctionCodegen.kt:48)
	at org.jetbrains.kotlin.backend.jvm.codegen.FunctionCodegen.generate$default(FunctionCodegen.kt:41)
	at org.jetbrains.kotlin.backend.jvm.codegen.ClassCodegen.generateMethodNode(ClassCodegen.kt:407)
	at org.jetbrains.kotlin.backend.jvm.codegen.ClassCodegen.generateMethod(ClassCodegen.kt:424)
	at org.jetbrains.kotlin.backend.jvm.codegen.ClassCodegen.generate(ClassCodegen.kt:169)
	at org.jetbrains.kotlin.backend.jvm.FileCodegen.lower(JvmPhases.kt:39)
	at org.jetbrains.kotlin.backend.common.phaser.PhaseFactoriesKt.createFilePhase$lambda$4(PhaseFactories.kt:71)
	at org.jetbrains.kotlin.backend.common.phaser.PhaseBuildersKt$createSimpleNamedCompilerPhase$1.phaseBody(PhaseBuilders.kt:69)
	at org.jetbrains.kotlin.backend.common.phaser.SimpleNamedCompilerPhase.phaseBody(CompilerPhase.kt:226)
	at org.jetbrains.kotlin.backend.common.phaser.AbstractNamedCompilerPhase.invoke(CompilerPhase.kt:113)
	at org.jetbrains.kotlin.backend.common.phaser.PerformByIrFilePhase.invokeSequential(performByIrFile.kt:52)
	... 45 more
Caused by: org.jetbrains.kotlin.codegen.CompilationException: Back-end (JVM) Internal error: Couldn't inline method call: CALL 'public final fun <get-current> (): T of androidx.compose.runtime.CompositionLocal [inline] declared in androidx.compose.runtime.CompositionLocal' type=androidx.compose.ui.platform.SoftwareKeyboardController? origin=GET_PROPERTY
Method: null
File is unknown
The root cause java.lang.IllegalStateException was thrown at: org.jetbrains.kotlin.codegen.inline.SourceCompilerForInlineKt.getMethodNode(SourceCompilerForInline.kt:118)
	at org.jetbrains.kotlin.codegen.inline.InlineCodegen.performInline(InlineCodegen.kt:65)
	at org.jetbrains.kotlin.backend.jvm.codegen.IrInlineCodegen.genInlineCall(IrInlineCodegen.kt:163)
	at org.jetbrains.kotlin.backend.jvm.codegen.IrInlineCallGenerator.genCall(IrInlineCallGenerator.kt:36)
	at org.jetbrains.kotlin.backend.jvm.codegen.ExpressionCodegen.visitCall(ExpressionCodegen.kt:598)
	at org.jetbrains.kotlin.backend.jvm.codegen.ExpressionCodegen.visitCall(ExpressionCodegen.kt:134)
	at org.jetbrains.kotlin.ir.expressions.IrCall.accept(IrCall.kt:24)
	at org.jetbrains.kotlin.backend.jvm.codegen.ExpressionCodegen.visitVariable(ExpressionCodegen.kt:735)
	at org.jetbrains.kotlin.backend.jvm.codegen.ExpressionCodegen.visitVariable(ExpressionCodegen.kt:134)
	at org.jetbrains.kotlin.ir.declarations.IrVariable.accept(IrVariable.kt:36)
	at org.jetbrains.kotlin.backend.jvm.codegen.ExpressionCodegen.visitStatementContainer(ExpressionCodegen.kt:524)
	at org.jetbrains.kotlin.backend.jvm.codegen.ExpressionCodegen.visitBlockBody(ExpressionCodegen.kt:529)
	at org.jetbrains.kotlin.backend.jvm.codegen.ExpressionCodegen.visitBlockBody(ExpressionCodegen.kt:134)
	at org.jetbrains.kotlin.ir.expressions.IrBlockBody.accept(IrBlockBody.kt:20)
	at org.jetbrains.kotlin.backend.jvm.codegen.ExpressionCodegen.generate(ExpressionCodegen.kt:236)
	at org.jetbrains.kotlin.backend.jvm.codegen.FunctionCodegen.doGenerate(FunctionCodegen.kt:124)
	at org.jetbrains.kotlin.backend.jvm.codegen.FunctionCodegen.generate(FunctionCodegen.kt:45)
	... 55 more
Caused by: java.lang.IllegalStateException: couldn't find inline method Landroidx/compose/runtime/CompositionLocal;.getCurrent()Ljava/lang/Object;
	at org.jetbrains.kotlin.codegen.inline.SourceCompilerForInlineKt.getMethodNode(SourceCompilerForInline.kt:118)
	at org.jetbrains.kotlin.codegen.inline.SourceCompilerForInlineKt.loadCompiledInlineFunction(SourceCompilerForInline.kt:96)
	at org.jetbrains.kotlin.backend.jvm.codegen.IrSourceCompilerForInline.compileInlineFunction(IrSourceCompilerForInline.kt:91)
	at org.jetbrains.kotlin.codegen.inline.InlineCodegen.compileInline(InlineCodegen.kt:43)
	at org.jetbrains.kotlin.codegen.inline.InlineCodegen.performInline(InlineCodegen.kt:51)
	... 70 more


